<?xml version="1.0" encoding="utf-8"?><testsuites name="pytest tests"><testsuite name="pytest" errors="0" failures="0" skipped="0" tests="4" time="1.358" timestamp="2026-06-10T14:59:01.610769+00:00" hostname="agent-env-833ce7c1-5350-48a9-be35-5a3952ef474d"><testcase classname="backend.tests.test_razorpay" name="test_create_order" time="0.647" /><testcase classname="backend.tests.test_razorpay" name="test_verify_valid_signature" time="0.271" /><testcase classname="backend.tests.test_razorpay" name="test_verify_invalid_signature" time="0.105" /><testcase classname="backend.tests.test_razorpay" name="test_create_order_invalid_amount" time="0.288" /></testsuite></testsuites>